<?xml version="1.0" encoding="UTF-8"?>
<!-- Generated by org.testng.reporters.JUnitXMLReporter -->
<testsuite hostname="vishal-PC" ignored="0" name="Default test" tests="10" failures="0" timestamp="17 Mar 2019 05:18:18 GMT" time="0.125" errors="0">
  <testcase name="f3" time="0.016" classname="com.rule14.TestNG.TestNG2"/>
  <testcase name="f3" time="0.0" classname="com.rule14.TestNG.TestNG2"/>
  <testcase name="f3" time="0.0" classname="com.rule14.TestNG.TestNG2"/>
  <testcase name="f3" time="0.0" classname="com.rule14.TestNG.TestNG2"/>
  <testcase name="f3" time="0.0" classname="com.rule14.TestNG.TestNG2"/>
  <testcase name="f4" time="0.016" classname="com.rule14.TestNG.TestNG2"/>
  <testcase name="f4" time="0.0" classname="com.rule14.TestNG.TestNG2"/>
  <testcase name="f4" time="0.0" classname="com.rule14.TestNG.TestNG2"/>
  <testcase name="f4" time="0.016" classname="com.rule14.TestNG.TestNG2"/>
  <testcase name="f4" time="0.0" classname="com.rule14.TestNG.TestNG2"/>
</testsuite> <!-- Default test -->
